17:34:36.410 [INFO] [org.gradle.launcher.daemon.server.Daemon] start() called on daemon - DefaultDaemonContext[uid=78c8da86-58dc-465f-8c9f-9ab1e44d0ca2,javaHome=C:\Program Files\Java\jdk1.8.0_20,daemonRegistryDir=C:\Users\jpapp_000\AndroidStudioProjects\RockPaperScissors\gradle\wrapper\daemon,pid=5784,idleTimeout=10800000,daemonOpts=-XX:MaxPermSize=256m,-XX:+HeapDumpOnOutOfMemoryError,-Xmx1024m,-Dfile.encoding=windows-1252]
17:34:36.469 [DEBUG] [org.gradle.launcher.daemon.server.DaemonStateCoordinator] updating lastActivityAt to 1411335276469
17:34:36.635 [DEBUG] [org.gradle.messaging.remote.internal.inet.InetAddressFactory] Adding IP addresses for network interface Software Loopback Interface 1
17:34:36.638 [DEBUG] [org.gradle.messaging.remote.internal.inet.InetAddressFactory] Is this a loopback interface? true
17:34:36.641 [DEBUG] [org.gradle.messaging.remote.internal.inet.InetAddressFactory] Is this a multicast interface? true
17:34:36.650 [DEBUG] [org.gradle.messaging.remote.internal.inet.InetAddressFactory] Adding loopback address /127.0.0.1
17:34:36.653 [DEBUG] [org.gradle.messaging.remote.internal.inet.InetAddressFactory] Adding loopback address /0:0:0:0:0:0:0:1
17:34:36.659 [DEBUG] [org.gradle.messaging.remote.internal.inet.InetAddressFactory] Adding loopback multicast interface Software Loopback Interface 1
17:34:36.660 [DEBUG] [org.gradle.messaging.remote.internal.inet.InetAddressFactory] Adding IP addresses for network interface Microsoft Kernel Debug Network Adapter
17:34:36.665 [DEBUG] [org.gradle.messaging.remote.internal.inet.InetAddressFactory] Is this a loopback interface? false
17:34:36.668 [DEBUG] [org.gradle.messaging.remote.internal.inet.InetAddressFactory] Is this a multicast interface? true
17:34:36.672 [DEBUG] [org.gradle.messaging.remote.internal.inet.InetAddressFactory] Adding loopback multicast interface Microsoft Kernel Debug Network Adapter
17:34:36.676 [DEBUG] [org.gradle.messaging.remote.internal.inet.InetAddressFactory] Adding IP addresses for network interface Qualcomm Atheros AR8171/8175 PCI-E Gigabit Ethernet Controller (NDIS 6.30)
17:34:36.679 [DEBUG] [org.gradle.messaging.remote.internal.inet.InetAddressFactory] Is this a loopback interface? false
17:34:36.684 [DEBUG] [org.gradle.messaging.remote.internal.inet.InetAddressFactory] Is this a multicast interface? true
17:34:36.686 [DEBUG] [org.gradle.messaging.remote.internal.inet.InetAddressFactory] Adding remote address /192.168.1.106
17:34:36.695 [DEBUG] [org.gradle.messaging.remote.internal.inet.InetAddressFactory] Adding remote address /fe80:0:0:0:a0d3:fce1:a180:721a%eth1
17:34:36.696 [DEBUG] [org.gradle.messaging.remote.internal.inet.InetAddressFactory] Adding remote multicast interface Qualcomm Atheros AR8171/8175 PCI-E Gigabit Ethernet Controller (NDIS 6.30)
17:34:36.697 [DEBUG] [org.gradle.messaging.remote.internal.inet.InetAddressFactory] Adding IP addresses for network interface Intel(R) Wireless-N 7260
17:34:36.702 [DEBUG] [org.gradle.messaging.remote.internal.inet.InetAddressFactory] Is this a loopback interface? false
17:34:36.708 [DEBUG] [org.gradle.messaging.remote.internal.inet.InetAddressFactory] Is this a multicast interface? true
17:34:36.711 [DEBUG] [org.gradle.messaging.remote.internal.inet.InetAddressFactory] Adding remote address /fe80:0:0:0:c997:b417:7ec6:1ce4%wlan0
17:34:36.712 [DEBUG] [org.gradle.messaging.remote.internal.inet.InetAddressFactory] Adding remote multicast interface Intel(R) Wireless-N 7260
17:34:36.712 [DEBUG] [org.gradle.messaging.remote.internal.inet.InetAddressFactory] Adding IP addresses for network interface Microsoft Wi-Fi Direct Virtual Adapter
17:34:36.715 [DEBUG] [org.gradle.messaging.remote.internal.inet.InetAddressFactory] Is this a loopback interface? false
17:34:36.718 [DEBUG] [org.gradle.messaging.remote.internal.inet.InetAddressFactory] Is this a multicast interface? true
17:34:36.718 [DEBUG] [org.gradle.messaging.remote.internal.inet.InetAddressFactory] Adding remote address /fe80:0:0:0:6926:3a2:6c4b:4070%wlan1
17:34:36.719 [DEBUG] [org.gradle.messaging.remote.internal.inet.InetAddressFactory] Adding remote multicast interface Microsoft Wi-Fi Direct Virtual Adapter
17:34:36.721 [DEBUG] [org.gradle.messaging.remote.internal.inet.InetAddressFactory] Adding IP addresses for network interface Bluetooth Device (RFCOMM Protocol TDI)
17:34:36.727 [DEBUG] [org.gradle.messaging.remote.internal.inet.InetAddressFactory] Is this a loopback interface? false
17:34:36.730 [DEBUG] [org.gradle.messaging.remote.internal.inet.InetAddressFactory] Is this a multicast interface? true
17:34:36.730 [DEBUG] [org.gradle.messaging.remote.internal.inet.InetAddressFactory] Adding loopback multicast interface Bluetooth Device (RFCOMM Protocol TDI)
17:34:36.731 [DEBUG] [org.gradle.messaging.remote.internal.inet.InetAddressFactory] Adding IP addresses for network interface Bluetooth Device (Personal Area Network)
17:34:36.736 [DEBUG] [org.gradle.messaging.remote.internal.inet.InetAddressFactory] Is this a loopback interface? false
17:34:36.742 [DEBUG] [org.gradle.messaging.remote.internal.inet.InetAddressFactory] Is this a multicast interface? true
17:34:36.743 [DEBUG] [org.gradle.messaging.remote.internal.inet.InetAddressFactory] Adding remote address /fe80:0:0:0:2891:18d1:d9b6:193%eth2
17:34:36.745 [DEBUG] [org.gradle.messaging.remote.internal.inet.InetAddressFactory] Adding remote multicast interface Bluetooth Device (Personal Area Network)
17:34:36.745 [DEBUG] [org.gradle.messaging.remote.internal.inet.InetAddressFactory] Adding IP addresses for network interface Microsoft ISATAP Adapter
17:34:36.748 [DEBUG] [org.gradle.messaging.remote.internal.inet.InetAddressFactory] Is this a loopback interface? false
17:34:36.756 [DEBUG] [org.gradle.messaging.remote.internal.inet.InetAddressFactory] Is this a multicast interface? false
17:34:36.757 [DEBUG] [org.gradle.messaging.remote.internal.inet.InetAddressFactory] Adding remote address /fe80:0:0:0:0:5efe:c0a8:c001%net1
17:34:36.758 [DEBUG] [org.gradle.messaging.remote.internal.inet.InetAddressFactory] Adding IP addresses for network interface Microsoft ISATAP Adapter #2
17:34:36.761 [DEBUG] [org.gradle.messaging.remote.internal.inet.InetAddressFactory] Is this a loopback interface? false
17:34:36.763 [DEBUG] [org.gradle.messaging.remote.internal.inet.InetAddressFactory] Is this a multicast interface? false
17:34:36.764 [DEBUG] [org.gradle.messaging.remote.internal.inet.InetAddressFactory] Adding remote address /fe80:0:0:0:0:5efe:c0a8:16a%net2
17:34:36.765 [DEBUG] [org.gradle.messaging.remote.internal.inet.InetAddressFactory] Adding IP addresses for network interface Teredo Tunneling Pseudo-Interface
17:34:36.768 [DEBUG] [org.gradle.messaging.remote.internal.inet.InetAddressFactory] Is this a loopback interface? false
17:34:36.772 [DEBUG] [org.gradle.messaging.remote.internal.inet.InetAddressFactory] Is this a multicast interface? false
17:34:36.773 [DEBUG] [org.gradle.messaging.remote.internal.inet.InetAddressFactory] Adding remote address /fe80:0:0:0:0:ffff:ffff:fffe%net3
17:34:36.774 [DEBUG] [org.gradle.messaging.remote.internal.inet.InetAddressFactory] Adding IP addresses for network interface Microsoft 6to4 Adapter
17:34:36.776 [DEBUG] [org.gradle.messaging.remote.internal.inet.InetAddressFactory] Is this a loopback interface? false
17:34:36.779 [DEBUG] [org.gradle.messaging.remote.internal.inet.InetAddressFactory] Is this a multicast interface? true
17:34:36.781 [DEBUG] [org.gradle.messaging.remote.internal.inet.InetAddressFactory] Adding loopback multicast interface Microsoft 6to4 Adapter
17:34:36.781 [DEBUG] [org.gradle.messaging.remote.internal.inet.InetAddressFactory] Adding IP addresses for network interface VMware Virtual Ethernet Adapter for VMnet1
17:34:36.786 [DEBUG] [org.gradle.messaging.remote.internal.inet.InetAddressFactory] Is this a loopback interface? false
17:34:36.791 [DEBUG] [org.gradle.messaging.remote.internal.inet.InetAddressFactory] Is this a multicast interface? true
17:34:36.791 [DEBUG] [org.gradle.messaging.remote.internal.inet.InetAddressFactory] Adding remote address /192.168.192.1
17:34:36.792 [DEBUG] [org.gradle.messaging.remote.internal.inet.InetAddressFactory] Adding remote address /fe80:0:0:0:481:bfe8:3e13:10f3%eth3
17:34:36.792 [DEBUG] [org.gradle.messaging.remote.internal.inet.InetAddressFactory] Adding remote multicast interface VMware Virtual Ethernet Adapter for VMnet1
17:34:36.793 [DEBUG] [org.gradle.messaging.remote.internal.inet.InetAddressFactory] Adding IP addresses for network interface VMware Virtual Ethernet Adapter for VMnet8
17:34:36.796 [DEBUG] [org.gradle.messaging.remote.internal.inet.InetAddressFactory] Is this a loopback interface? false
17:34:36.803 [DEBUG] [org.gradle.messaging.remote.internal.inet.InetAddressFactory] Is this a multicast interface? true
17:34:36.804 [DEBUG] [org.gradle.messaging.remote.internal.inet.InetAddressFactory] Adding remote address /192.168.101.1
17:34:36.804 [DEBUG] [org.gradle.messaging.remote.internal.inet.InetAddressFactory] Adding remote address /fe80:0:0:0:d07e:12a8:f814:288a%eth4
17:34:36.805 [DEBUG] [org.gradle.messaging.remote.internal.inet.InetAddressFactory] Adding remote multicast interface VMware Virtual Ethernet Adapter for VMnet8
17:34:36.805 [DEBUG] [org.gradle.messaging.remote.internal.inet.InetAddressFactory] Adding IP addresses for network interface Microsoft ISATAP Adapter #8
17:34:36.815 [DEBUG] [org.gradle.messaging.remote.internal.inet.InetAddressFactory] Is this a loopback interface? false
17:34:36.821 [DEBUG] [org.gradle.messaging.remote.internal.inet.InetAddressFactory] Is this a multicast interface? false
17:34:36.821 [DEBUG] [org.gradle.messaging.remote.internal.inet.InetAddressFactory] Adding IP addresses for network interface Microsoft ISATAP Adapter #3
17:34:36.824 [DEBUG] [org.gradle.messaging.remote.internal.inet.InetAddressFactory] Is this a loopback interface? false
17:34:36.826 [DEBUG] [org.gradle.messaging.remote.internal.inet.InetAddressFactory] Is this a multicast interface? true
17:34:36.826 [DEBUG] [org.gradle.messaging.remote.internal.inet.InetAddressFactory] Adding loopback multicast interface Microsoft ISATAP Adapter #3
17:34:36.827 [DEBUG] [org.gradle.messaging.remote.internal.inet.InetAddressFactory] Adding IP addresses for network interface Microsoft ISATAP Adapter #6
17:34:36.830 [DEBUG] [org.gradle.messaging.remote.internal.inet.InetAddressFactory] Is this a loopback interface? false
17:34:36.837 [DEBUG] [org.gradle.messaging.remote.internal.inet.InetAddressFactory] Is this a multicast interface? true
17:34:36.838 [DEBUG] [org.gradle.messaging.remote.internal.inet.InetAddressFactory] Adding loopback multicast interface Microsoft ISATAP Adapter #6
17:34:36.839 [DEBUG] [org.gradle.messaging.remote.internal.inet.InetAddressFactory] Adding IP addresses for network interface Microsoft ISATAP Adapter #4
17:34:36.842 [DEBUG] [org.gradle.messaging.remote.internal.inet.InetAddressFactory] Is this a loopback interface? false
17:34:36.844 [DEBUG] [org.gradle.messaging.remote.internal.inet.InetAddressFactory] Is this a multicast interface? true
17:34:36.844 [DEBUG] [org.gradle.messaging.remote.internal.inet.InetAddressFactory] Adding loopback multicast interface Microsoft ISATAP Adapter #4
17:34:36.845 [DEBUG] [org.gradle.messaging.remote.internal.inet.InetAddressFactory] Adding IP addresses for network interface Microsoft ISATAP Adapter #5
17:34:36.847 [DEBUG] [org.gradle.messaging.remote.internal.inet.InetAddressFactory] Is this a loopback interface? false
17:34:36.851 [DEBUG] [org.gradle.messaging.remote.internal.inet.InetAddressFactory] Is this a multicast interface? true
17:34:36.853 [DEBUG] [org.gradle.messaging.remote.internal.inet.InetAddressFactory] Adding loopback multicast interface Microsoft ISATAP Adapter #5
17:34:36.854 [DEBUG] [org.gradle.messaging.remote.internal.inet.InetAddressFactory] Adding IP addresses for network interface Microsoft ISATAP Adapter #7
17:34:36.856 [DEBUG] [org.gradle.messaging.remote.internal.inet.InetAddressFactory] Is this a loopback interface? false
17:34:36.858 [DEBUG] [org.gradle.messaging.remote.internal.inet.InetAddressFactory] Is this a multicast interface? true
17:34:36.859 [DEBUG] [org.gradle.messaging.remote.internal.inet.InetAddressFactory] Adding loopback multicast interface Microsoft ISATAP Adapter #7
17:34:36.859 [DEBUG] [org.gradle.messaging.remote.internal.inet.InetAddressFactory] Adding IP addresses for network interface Qualcomm Atheros AR8171/8175 PCI-E Gigabit Ethernet Controller (NDIS 6.30)-WFP Native MAC Layer LightWeight Filter-0000
17:34:36.863 [DEBUG] [org.gradle.messaging.remote.internal.inet.InetAddressFactory] Is this a loopback interface? false
17:34:36.865 [DEBUG] [org.gradle.messaging.remote.internal.inet.InetAddressFactory] Is this a multicast interface? true
17:34:36.866 [DEBUG] [org.gradle.messaging.remote.internal.inet.InetAddressFactory] Adding loopback multicast interface Qualcomm Atheros AR8171/8175 PCI-E Gigabit Ethernet Controller (NDIS 6.30)-WFP Native MAC Layer LightWeight Filter-0000
17:34:36.866 [DEBUG] [org.gradle.messaging.remote.internal.inet.InetAddressFactory] Adding IP addresses for network interface Qualcomm Atheros AR8171/8175 PCI-E Gigabit Ethernet Controller (NDIS 6.30)-QoS Packet Scheduler-0000
17:34:36.868 [DEBUG] [org.gradle.messaging.remote.internal.inet.InetAddressFactory] Is this a loopback interface? false
17:34:36.870 [DEBUG] [org.gradle.messaging.remote.internal.inet.InetAddressFactory] Is this a multicast interface? true
17:34:36.871 [DEBUG] [org.gradle.messaging.remote.internal.inet.InetAddressFactory] Adding loopback multicast interface Qualcomm Atheros AR8171/8175 PCI-E Gigabit Ethernet Controller (NDIS 6.30)-QoS Packet Scheduler-0000
17:34:36.871 [DEBUG] [org.gradle.messaging.remote.internal.inet.InetAddressFactory] Adding IP addresses for network interface Qualcomm Atheros AR8171/8175 PCI-E Gigabit Ethernet Controller (NDIS 6.30)-WFP 802.3 MAC Layer LightWeight Filter-0000
17:34:36.873 [DEBUG] [org.gradle.messaging.remote.internal.inet.InetAddressFactory] Is this a loopback interface? false
17:34:36.875 [DEBUG] [org.gradle.messaging.remote.internal.inet.InetAddressFactory] Is this a multicast interface? true
17:34:36.876 [DEBUG] [org.gradle.messaging.remote.internal.inet.InetAddressFactory] Adding loopback multicast interface Qualcomm Atheros AR8171/8175 PCI-E Gigabit Ethernet Controller (NDIS 6.30)-WFP 802.3 MAC Layer LightWeight Filter-0000
17:34:36.877 [DEBUG] [org.gradle.messaging.remote.internal.inet.InetAddressFactory] Adding IP addresses for network interface Intel(R) Wireless-N 7260-WFP Native MAC Layer LightWeight Filter-0000
17:34:36.880 [DEBUG] [org.gradle.messaging.remote.internal.inet.InetAddressFactory] Is this a loopback interface? false
17:34:36.895 [DEBUG] [org.gradle.messaging.remote.internal.inet.InetAddressFactory] Is this a multicast interface? true
17:34:36.896 [DEBUG] [org.gradle.messaging.remote.internal.inet.InetAddressFactory] Adding loopback multicast interface Intel(R) Wireless-N 7260-WFP Native MAC Layer LightWeight Filter-0000
17:34:36.896 [DEBUG] [org.gradle.messaging.remote.internal.inet.InetAddressFactory] Adding IP addresses for network interface Intel(R) Wireless-N 7260-Virtual WiFi Filter Driver-0000
17:34:36.900 [DEBUG] [org.gradle.messaging.remote.internal.inet.InetAddressFactory] Is this a loopback interface? false
17:34:36.902 [DEBUG] [org.gradle.messaging.remote.internal.inet.InetAddressFactory] Is this a multicast interface? true
17:34:36.903 [DEBUG] [org.gradle.messaging.remote.internal.inet.InetAddressFactory] Adding loopback multicast interface Intel(R) Wireless-N 7260-Virtual WiFi Filter Driver-0000
17:34:36.904 [DEBUG] [org.gradle.messaging.remote.internal.inet.InetAddressFactory] Adding IP addresses for network interface Intel(R) Wireless-N 7260-Native WiFi Filter Driver-0000
17:34:36.906 [DEBUG] [org.gradle.messaging.remote.internal.inet.InetAddressFactory] Is this a loopback interface? false
17:34:36.909 [DEBUG] [org.gradle.messaging.remote.internal.inet.InetAddressFactory] Is this a multicast interface? true
17:34:36.916 [DEBUG] [org.gradle.messaging.remote.internal.inet.InetAddressFactory] Adding loopback multicast interface Intel(R) Wireless-N 7260-Native WiFi Filter Driver-0000
17:34:36.917 [DEBUG] [org.gradle.messaging.remote.internal.inet.InetAddressFactory] Adding IP addresses for network interface Intel(R) Wireless-N 7260-QoS Packet Scheduler-0000
17:34:36.919 [DEBUG] [org.gradle.messaging.remote.internal.inet.InetAddressFactory] Is this a loopback interface? false
17:34:36.921 [DEBUG] [org.gradle.messaging.remote.internal.inet.InetAddressFactory] Is this a multicast interface? true
17:34:36.921 [DEBUG] [org.gradle.messaging.remote.internal.inet.InetAddressFactory] Adding loopback multicast interface Intel(R) Wireless-N 7260-QoS Packet Scheduler-0000
17:34:36.922 [DEBUG] [org.gradle.messaging.remote.internal.inet.InetAddressFactory] Adding IP addresses for network interface Intel(R) Wireless-N 7260-WFP 802.3 MAC Layer LightWeight Filter-0000
17:34:36.924 [DEBUG] [org.gradle.messaging.remote.internal.inet.InetAddressFactory] Is this a loopback interface? false
17:34:36.926 [DEBUG] [org.gradle.messaging.remote.internal.inet.InetAddressFactory] Is this a multicast interface? true
17:34:36.926 [DEBUG] [org.gradle.messaging.remote.internal.inet.InetAddressFactory] Adding loopback multicast interface Intel(R) Wireless-N 7260-WFP 802.3 MAC Layer LightWeight Filter-0000
17:34:36.926 [DEBUG] [org.gradle.messaging.remote.internal.inet.InetAddressFactory] Adding IP addresses for network interface Microsoft Wi-Fi Direct Virtual Adapter-WFP Native MAC Layer LightWeight Filter-0000
17:34:36.929 [DEBUG] [org.gradle.messaging.remote.internal.inet.InetAddressFactory] Is this a loopback interface? false
17:34:36.931 [DEBUG] [org.gradle.messaging.remote.internal.inet.InetAddressFactory] Is this a multicast interface? true
17:34:36.932 [DEBUG] [org.gradle.messaging.remote.internal.inet.InetAddressFactory] Adding loopback multicast interface Microsoft Wi-Fi Direct Virtual Adapter-WFP Native MAC Layer LightWeight Filter-0000
17:34:36.932 [DEBUG] [org.gradle.messaging.remote.internal.inet.InetAddressFactory] Adding IP addresses for network interface Microsoft Wi-Fi Direct Virtual Adapter-Native WiFi Filter Driver-0000
17:34:36.935 [DEBUG] [org.gradle.messaging.remote.internal.inet.InetAddressFactory] Is this a loopback interface? false
17:34:36.945 [DEBUG] [org.gradle.messaging.remote.internal.inet.InetAddressFactory] Is this a multicast interface? true
17:34:36.949 [DEBUG] [org.gradle.messaging.remote.internal.inet.InetAddressFactory] Adding loopback multicast interface Microsoft Wi-Fi Direct Virtual Adapter-Native WiFi Filter Driver-0000
17:34:36.953 [DEBUG] [org.gradle.messaging.remote.internal.inet.InetAddressFactory] Adding IP addresses for network interface Microsoft Wi-Fi Direct Virtual Adapter-QoS Packet Scheduler-0000
17:34:36.956 [DEBUG] [org.gradle.messaging.remote.internal.inet.InetAddressFactory] Is this a loopback interface? false
17:34:36.958 [DEBUG] [org.gradle.messaging.remote.internal.inet.InetAddressFactory] Is this a multicast interface? true
17:34:36.959 [DEBUG] [org.gradle.messaging.remote.internal.inet.InetAddressFactory] Adding loopback multicast interface Microsoft Wi-Fi Direct Virtual Adapter-QoS Packet Scheduler-0000
17:34:36.959 [DEBUG] [org.gradle.messaging.remote.internal.inet.InetAddressFactory] Adding IP addresses for network interface Microsoft Wi-Fi Direct Virtual Adapter-WFP 802.3 MAC Layer LightWeight Filter-0000
17:34:36.962 [DEBUG] [org.gradle.messaging.remote.internal.inet.InetAddressFactory] Is this a loopback interface? false
17:34:36.964 [DEBUG] [org.gradle.messaging.remote.internal.inet.InetAddressFactory] Is this a multicast interface? true
17:34:36.965 [DEBUG] [org.gradle.messaging.remote.internal.inet.InetAddressFactory] Adding loopback multicast interface Microsoft Wi-Fi Direct Virtual Adapter-WFP 802.3 MAC Layer LightWeight Filter-0000
17:34:36.974 [DEBUG] [org.gradle.messaging.remote.internal.inet.TcpIncomingConnector] Listening on [c09def2a-d3ec-4fbf-a3ba-7a94d1b90c4d port:17519, addresses:[/127.0.0.1, /0:0:0:0:0:0:0:1]].
17:34:36.977 [DEBUG] [org.gradle.launcher.daemon.server.Daemon] Daemon starting at: Sun Sep 21 17:34:36 EDT 2014, with address: [c09def2a-d3ec-4fbf-a3ba-7a94d1b90c4d port:17519, addresses:[/127.0.0.1, /0:0:0:0:0:0:0:1]]
17:34:36.977 [INFO] [org.gradle.launcher.daemon.server.DomainRegistryUpdater] Advertising the daemon address to the clients: [c09def2a-d3ec-4fbf-a3ba-7a94d1b90c4d port:17519, addresses:[/127.0.0.1, /0:0:0:0:0:0:0:1]]
17:34:36.978 [DEBUG] [org.gradle.launcher.daemon.server.DomainRegistryUpdater] Advertised daemon context: DefaultDaemonContext[uid=78c8da86-58dc-465f-8c9f-9ab1e44d0ca2,javaHome=C:\Program Files\Java\jdk1.8.0_20,daemonRegistryDir=C:\Users\jpapp_000\AndroidStudioProjects\RockPaperScissors\gradle\wrapper\daemon,pid=5784,idleTimeout=10800000,daemonOpts=-XX:MaxPermSize=256m,-XX:+HeapDumpOnOutOfMemoryError,-Xmx1024m,-Dfile.encoding=windows-1252]
17:34:36.978 [DEBUG] [org.gradle.launcher.daemon.registry.PersistentDaemonRegistry] Storing daemon address: [c09def2a-d3ec-4fbf-a3ba-7a94d1b90c4d port:17519, addresses:[/127.0.0.1, /0:0:0:0:0:0:0:1]], context: DefaultDaemonContext[uid=78c8da86-58dc-465f-8c9f-9ab1e44d0ca2,javaHome=C:\Program Files\Java\jdk1.8.0_20,daemonRegistryDir=C:\Users\jpapp_000\AndroidStudioProjects\RockPaperScissors\gradle\wrapper\daemon,pid=5784,idleTimeout=10800000,daemonOpts=-XX:MaxPermSize=256m,-XX:+HeapDumpOnOutOfMemoryError,-Xmx1024m,-Dfile.encoding=windows-1252]
17:34:37.011 [DEBUG] [org.gradle.cache.internal.DefaultFileLockManager] Waiting to acquire exclusive lock on daemon addresses registry.
17:34:37.016 [DEBUG] [org.gradle.cache.internal.DefaultFileLockManager] Lock acquired.
17:34:37.090 [DEBUG] [org.gradle.cache.internal.DefaultFileLockManager] Releasing lock on daemon addresses registry.
17:34:37.092 [LIFECYCLE] [org.gradle.launcher.daemon.server.Daemon] Daemon server started.
17:34:37.093 [DEBUG] [org.gradle.launcher.daemon.bootstrap.DaemonStartupCommunication] Completed writing the daemon greeting. Closing streams...
17:34:37.093 [DEBUG] [org.gradle.launcher.daemon.server.Daemon] requestStopOnIdleTimeout(10800000 MILLISECONDS) called on daemon
17:34:37.094 [DEBUG] [org.gradle.launcher.daemon.server.DaemonStateCoordinator] waiting for daemon to stop or be idle for 10800000ms
17:34:37.095 [DEBUG] [org.gradle.launcher.daemon.server.DaemonStateCoordinator] Daemon is idle, sleeping until state change or idle timeout at Sun Sep 21 20:34:36 EDT 2014
17:34:37.148 [DEBUG] [org.gradle.messaging.remote.internal.inet.TcpIncomingConnector] Accepted connection from /127.0.0.1:17520 to /127.0.0.1:17519.
17:34:37.347 [DEBUG] [org.gradle.launcher.daemon.server.SynchronizedDispatchConnection] thread 15: received class org.gradle.launcher.daemon.protocol.Build
17:34:37.348 [DEBUG] [org.gradle.launcher.daemon.server.DefaultDaemonConnection] Received non-IO message from client: Build{id=0cae808d-3478-4837-8cfc-e4be6a073614.1, currentDir=C:\Users\jpapp_000\AndroidStudioProjects\RockPaperScissors}
17:34:37.349 [INFO] [org.gradle.launcher.daemon.server.DefaultIncomingConnectionHandler] Received command: Build{id=0cae808d-3478-4837-8cfc-e4be6a073614.1, currentDir=C:\Users\jpapp_000\AndroidStudioProjects\RockPaperScissors}.
17:34:37.350 [DEBUG] [org.gradle.launcher.daemon.server.DefaultIncomingConnectionHandler] Starting executing command: Build{id=0cae808d-3478-4837-8cfc-e4be6a073614.1, currentDir=C:\Users\jpapp_000\AndroidStudioProjects\RockPaperScissors} with connection: socket connection at /127.0.0.1:17519 with /127.0.0.1:17520.
17:34:37.465 [DEBUG] [org.gradle.launcher.daemon.server.DaemonStateCoordinator] onStartCommand(DaemonCommandExecution[command = Build{id=0cae808d-3478-4837-8cfc-e4be6a073614.1, currentDir=C:\Users\jpapp_000\AndroidStudioProjects\RockPaperScissors}, connection = org.gradle.launcher.daemon.server.DefaultDaemonConnection@3c844097]) called after 0.0 minutes of idle
17:34:37.466 [INFO] [org.gradle.launcher.daemon.server.DomainRegistryUpdater] Marking the daemon as busy, address: [c09def2a-d3ec-4fbf-a3ba-7a94d1b90c4d port:17519, addresses:[/127.0.0.1, /0:0:0:0:0:0:0:1]]
17:34:37.466 [DEBUG] [org.gradle.launcher.daemon.registry.PersistentDaemonRegistry] Marking busy by address: [c09def2a-d3ec-4fbf-a3ba-7a94d1b90c4d port:17519, addresses:[/127.0.0.1, /0:0:0:0:0:0:0:1]]
17:34:37.471 [DEBUG] [org.gradle.cache.internal.DefaultFileLockManager] Waiting to acquire exclusive lock on daemon addresses registry.
17:34:37.472 [DEBUG] [org.gradle.cache.internal.DefaultFileLockManager] Lock acquired.
17:34:37.485 [DEBUG] [org.gradle.cache.internal.DefaultFileLockManager] Releasing lock on daemon addresses registry.
17:34:37.486 [DEBUG] [org.gradle.launcher.daemon.server.DaemonStateCoordinator] updating lastActivityAt to 1411335277486
17:34:37.487 [DEBUG] [org.gradle.launcher.daemon.server.DaemonStateCoordinator] Daemon is busy, sleeping until state changes.
17:34:37.487 [INFO] [org.gradle.launcher.daemon.server.exec.StartBuildOrRespondWithBusy] Daemon is about to start building: Build{id=0cae808d-3478-4837-8cfc-e4be6a073614.1, currentDir=C:\Users\jpapp_000\AndroidStudioProjects\RockPaperScissors}. Dispatching build started information...
17:34:37.489 [DEBUG] [org.gradle.launcher.daemon.server.SynchronizedDispatchConnection] thread 14: dispatching class org.gradle.launcher.daemon.protocol.BuildStarted
17:34:37.496 [DEBUG] [org.gradle.launcher.daemon.server.exec.EstablishBuildEnvironment] Configuring env variables: {USERDOMAIN_ROAMINGPROFILE=RED, LOCALAPPDATA=C:\Users\jpapp_000\AppData\Local, PROCESSOR_LEVEL=6, FP_NO_HOST_CHECK=NO, USERDOMAIN=RED, LOGONSERVER=\\MicrosoftAccount, JAVA_HOME=C:\Program Files\Java\jdk1.8.0_20, SESSIONNAME=Console, ALLUSERSPROFILE=C:\ProgramData, PROCESSOR_ARCHITECTURE=AMD64, VS120COMNTOOLS=C:\Program Files (x86)\Microsoft Visual Studio 12.0\Common7\Tools\, PSModulePath=C:\Windows\system32\WindowsPowerShell\v1.0\Modules\;C:\Program Files (x86)\Microsoft SDKs\Windows Azure\PowerShell\, SystemDrive=C:, APPDATA=C:\Users\jpapp_000\AppData\Roaming, USERNAME=jpapp_000, ProgramFiles(x86)=C:\Program Files (x86), CommonProgramFiles=C:\Program Files\Common Files, Path=C:\ProgramData\Oracle\Java\javapath;C:\Program Files (x86)\Intel\iCLS Client\;C:\Program Files\Intel\iCLS Client\;C:\Windows\system32;C:\Windows;C:\Windows\System32\Wbem;C:\Windows\System32\WindowsPowerShell\v1.0\;C:\Program Files\Intel\Intel(R) Management Engine Components\DAL;C:\Program Files\Intel\Intel(R) Management Engine Components\IPT;C:\Program Files (x86)\Intel\Intel(R) Management Engine Components\DAL;C:\Program Files (x86)\Intel\Intel(R) Management Engine Components\IPT;C:\Program Files\Intel\WiFi\bin\;C:\Program Files\Common Files\Intel\WirelessCommon\;C:\Program Files (x86)\Microsoft SQL Server\100\Tools\Binn\;C:\Program Files\Microsoft SQL Server\100\Tools\Binn\;C:\Program Files\Microsoft SQL Server\100\DTS\Binn\;C:\Program Files (x86)\Microsoft SQL Server\100\Tools\Binn\VSShell\Common7\IDE\;C:\Program Files (x86)\Microsoft Visual Studio 9.0\Common7\IDE\PrivateAssemblies\;C:\Program Files (x86)\Microsoft SQL Server\100\DTS\Binn\;C:\Program Files\nodejs\;C:\Program Files (x86)\Microsoft ASP.NET\ASP.NET Web Pages\v1.0\;C:\Program Files\Microsoft SQL Server\110\Tools\Binn\;C:\Program Files\Microsoft\Web Platform Installer\;C:\Program Files (x86)\Windows Kits\8.1\Windows Performance Toolkit\;C:\Users\jpapp_000\AppData\Roaming\npm, PATHEXT=.COM;.EXE;.BAT;.CMD;.VBS;.VBE;.JS;.JSE;.WSF;.WSH;.MSC, OS=Windows_NT, COMPUTERNAME=RED, PROCESSOR_REVISION=4501, CommonProgramW6432=C:\Program Files\Common Files, ComSpec=C:\Windows\system32\cmd.exe, ProgramData=C:\ProgramData, ProgramW6432=C:\Program Files, HOMEPATH=\Users\jpapp_000, SystemRoot=C:\Windows, TEMP=C:\Users\JPAPP_~1\AppData\Local\Temp, HOMEDRIVE=C:, PROCESSOR_IDENTIFIER=Intel64 Family 6 Model 69 Stepping 1, GenuineIntel, USERPROFILE=C:\Users\jpapp_000, TMP=C:\Users\JPAPP_~1\AppData\Local\Temp, VS110COMNTOOLS=C:\Program Files (x86)\Microsoft Visual Studio 11.0\Common7\Tools\, CommonProgramFiles(x86)=C:\Program Files (x86)\Common Files, ProgramFiles=C:\Program Files, PUBLIC=C:\Users\Public, NUMBER_OF_PROCESSORS=4, windir=C:\Windows, =::=::\}
17:34:37.595 [DEBUG] [org.gradle.launcher.daemon.server.SynchronizedDispatchConnection] thread 15: received class org.gradle.launcher.daemon.protocol.CloseInput
17:34:37.596 [DEBUG] [org.gradle.launcher.daemon.server.DefaultDaemonConnection] Received IO message from client: CloseInput[id=0cae808d-3478-4837-8cfc-e4be6a073614.2]
17:34:37.649 [INFO] [org.gradle.launcher.daemon.server.exec.LogToClient] About to start relaying all logs to the client via the connection.
17:34:37.650 [INFO] [org.gradle.launcher.daemon.server.exec.LogToClient] The client will now receive all logging from the daemon (pid: 5784). The daemon log file: C:\Users\jpapp_000\AndroidStudioProjects\RockPaperScissors\gradle\wrapper\daemon\2.0\daemon-5784.out.log
17:34:37.659 [INFO] [org.gradle.launcher.daemon.server.exec.ExecuteBuild] Executing build with daemon context: DefaultDaemonContext[uid=78c8da86-58dc-465f-8c9f-9ab1e44d0ca2,javaHome=C:\Program Files\Java\jdk1.8.0_20,daemonRegistryDir=C:\Users\jpapp_000\AndroidStudioProjects\RockPaperScissors\gradle\wrapper\daemon,pid=5784,idleTimeout=10800000,daemonOpts=-XX:MaxPermSize=256m,-XX:+HeapDumpOnOutOfMemoryError,-Xmx1024m,-Dfile.encoding=windows-1252]
17:34:37.805 [INFO] [org.gradle.launcher.daemon.server.exec.ForwardClientInput] Closing daemon's stdin at end of input.
17:34:37.806 [INFO] [org.gradle.launcher.daemon.server.exec.ForwardClientInput] The daemon will no longer process any standard input.
17:34:46.593 [INFO] [org.gradle.tooling.internal.provider.DefaultPayloadClassLoaderRegistry] Creating ClassLoader ca33964c-9f96-48ed-b6c5-6398eeae9dca from org.gradle.internal.classloader.MutableURLClassLoader$Spec@d5c68fb and [org.gradle.internal.classloader.FilteringClassLoader@21beeb25].

FAILURE: Build failed with an exception.

* Where:
Build file 'C:\Users\jpapp_000\AndroidStudioProjects\RockPaperScissors\app\build.gradle' line: 1

* What went wrong:
A problem occurred evaluating project ':app'.
> Gradle version 1.10 is required. Current version is 2.0. If using the gradle wrapper, try editing the distributionUrl in C:\Users\jpapp_000\AndroidStudioProjects\RockPaperScissors\gradle\wrapper\gradle-wrapper.properties to gradle-1.10-all.zip

* Try:
Run with --stacktrace option to get the stack trace. Run with --info or --debug option to get more log output.

BUILD FAILED

Total time: 53.401 secs
17:35:03.319 [DEBUG] [org.gradle.cache.internal.DefaultFileLockManager] Releasing lock on initscript class cache for initialization script 'C:\Users\jpapp_000\AppData\Local\Temp\ijinit4436130857604986427.gradle' (C:\Users\jpapp_000\AndroidStudioProjects\RockPaperScissors\gradle\wrapper\caches\2.0\scripts\ijinit4436130857604986427_6l0g5pnqkeim3qhuul6b6ij5od\InitScript\initscript).
17:35:03.323 [DEBUG] [org.gradle.cache.internal.DefaultFileLockManager] Releasing lock on no_initscript class cache for initialization script 'C:\Users\jpapp_000\AppData\Local\Temp\ijinit4436130857604986427.gradle' (C:\Users\jpapp_000\AndroidStudioProjects\RockPaperScissors\gradle\wrapper\caches\2.0\scripts\ijinit4436130857604986427_6l0g5pnqkeim3qhuul6b6ij5od\InitScript\no_initscript).
17:35:03.325 [DEBUG] [org.gradle.cache.internal.DefaultFileLockManager] Releasing lock on buildscript class cache for settings file 'C:\Users\jpapp_000\AndroidStudioProjects\RockPaperScissors\settings.gradle' (C:\Users\jpapp_000\AndroidStudioProjects\RockPaperScissors\gradle\wrapper\caches\2.0\scripts\settings_4rkkernir08kkvl3obuv5vr5nr\SettingsScript\buildscript).
17:35:03.326 [DEBUG] [org.gradle.cache.internal.DefaultFileLockManager] Releasing lock on no_buildscript class cache for settings file 'C:\Users\jpapp_000\AndroidStudioProjects\RockPaperScissors\settings.gradle' (C:\Users\jpapp_000\AndroidStudioProjects\RockPaperScissors\gradle\wrapper\caches\2.0\scripts\settings_4rkkernir08kkvl3obuv5vr5nr\SettingsScript\no_buildscript).
17:35:03.327 [DEBUG] [org.gradle.cache.internal.DefaultFileLockManager] Releasing lock on buildscript class cache for build file 'C:\Users\jpapp_000\AndroidStudioProjects\RockPaperScissors\build.gradle' (C:\Users\jpapp_000\AndroidStudioProjects\RockPaperScissors\gradle\wrapper\caches\2.0\scripts\build_2eofqvqh1eidvl29ocvulc7s9v\ProjectScript\buildscript).
17:35:03.328 [DEBUG] [org.gradle.cache.internal.DefaultFileLockManager] Releasing lock on no_buildscript class cache for build file 'C:\Users\jpapp_000\AndroidStudioProjects\RockPaperScissors\build.gradle' (C:\Users\jpapp_000\AndroidStudioProjects\RockPaperScissors\gradle\wrapper\caches\2.0\scripts\build_2eofqvqh1eidvl29ocvulc7s9v\ProjectScript\no_buildscript).
17:35:03.338 [DEBUG] [org.gradle.cache.internal.DefaultFileLockManager] Releasing lock on buildscript class cache for build file 'C:\Users\jpapp_000\AndroidStudioProjects\RockPaperScissors\app\build.gradle' (C:\Users\jpapp_000\AndroidStudioProjects\RockPaperScissors\gradle\wrapper\caches\2.0\scripts\build_2dj4skoa50rqr7ne2urme9u67c\ProjectScript\buildscript).
17:35:03.339 [DEBUG] [org.gradle.cache.internal.DefaultFileLockManager] Releasing lock on no_buildscript class cache for build file 'C:\Users\jpapp_000\AndroidStudioProjects\RockPaperScissors\app\build.gradle' (C:\Users\jpapp_000\AndroidStudioProjects\RockPaperScissors\gradle\wrapper\caches\2.0\scripts\build_2dj4skoa50rqr7ne2urme9u67c\ProjectScript\no_buildscript).
17:35:03.350 [DEBUG] [org.gradle.cache.internal.btree.BTreePersistentIndexedCache] Closing cache module-metadata.bin (C:\Users\jpapp_000\AndroidStudioProjects\RockPaperScissors\gradle\wrapper\caches\modules-2\metadata-2.12\module-metadata.bin)
17:35:03.351 [DEBUG] [org.gradle.cache.internal.btree.BTreePersistentIndexedCache] Closing cache module-artifacts.bin (C:\Users\jpapp_000\AndroidStudioProjects\RockPaperScissors\gradle\wrapper\caches\modules-2\metadata-2.12\module-artifacts.bin)
17:35:03.352 [DEBUG] [org.gradle.cache.internal.btree.BTreePersistentIndexedCache] Closing cache artifact-at-repository.bin (C:\Users\jpapp_000\AndroidStudioProjects\RockPaperScissors\gradle\wrapper\caches\modules-2\metadata-2.12\artifact-at-repository.bin)
17:35:03.353 [DEBUG] [org.gradle.cache.internal.DefaultFileLockManager] Releasing lock on artifact cache (C:\Users\jpapp_000\AndroidStudioProjects\RockPaperScissors\gradle\wrapper\caches\modules-2).
17:35:03.483 [DEBUG] [org.gradle.api.internal.artifacts.ivyservice.ivyresolve.memcache.InMemoryCachedRepositoryFactory] In-memory dependency metadata cache closed. Repos cached: 1, cache instances: 1, modules served from cache: 0, artifacts: 0
17:35:03.503 [DEBUG] [org.gradle.api.internal.artifacts.ivyservice.resolveengine.store.CachedStoreFactory] Resolution result cache closed. Cache reads: 0, disk reads: 0 (avg: 0.0 secs, total: 0.0 secs)
17:35:03.505 [DEBUG] [org.gradle.api.internal.artifacts.ivyservice.resolveengine.store.CachedStoreFactory] Resolved configuration cache closed. Cache reads: 0, disk reads: 0 (avg: 0.0 secs, total: 0.0 secs)
17:35:03.506 [DEBUG] [org.gradle.api.internal.artifacts.ivyservice.resolveengine.store.ResolutionResultsStoreFactory] Deleted 2 resolution results binary files in 0.022 secs
17:35:03.509 [DEBUG] [org.gradle.launcher.daemon.server.exec.ExecuteBuild] The daemon has finished executing the build.
17:35:03.510 [DEBUG] [org.gradle.launcher.daemon.server.exec.ReturnResult] Daemon is dispatching the build result: DaemonCommandResult[type=CommandFailure, value=org.gradle.launcher.exec.ReportedException: org.gradle.internal.exceptions.LocationAwareException: Build file 'C:\Users\jpapp_000\AndroidStudioProjects\RockPaperScissors\app\build.gradle' line: 1
A problem occurred evaluating project ':app'.]
17:35:03.510 [DEBUG] [org.gradle.launcher.daemon.server.SynchronizedDispatchConnection] thread 14: dispatching class org.gradle.launcher.daemon.protocol.CommandFailure
17:35:03.557 [DEBUG] [org.gradle.launcher.daemon.server.DaemonStateCoordinator] onFinishCommand() called while execution = DaemonCommandExecution[command = Build{id=0cae808d-3478-4837-8cfc-e4be6a073614.1, currentDir=C:\Users\jpapp_000\AndroidStudioProjects\RockPaperScissors}, connection = org.gradle.launcher.daemon.server.DefaultDaemonConnection@3c844097]
17:35:03.558 [DEBUG] [org.gradle.launcher.daemon.server.DaemonStateCoordinator] updating lastActivityAt to 1411335303558
17:35:03.559 [INFO] [org.gradle.launcher.daemon.server.DomainRegistryUpdater] Marking the daemon as idle, address: [c09def2a-d3ec-4fbf-a3ba-7a94d1b90c4d port:17519, addresses:[/127.0.0.1, /0:0:0:0:0:0:0:1]]
17:35:03.560 [DEBUG] [org.gradle.launcher.daemon.registry.PersistentDaemonRegistry] Marking idle by address: [c09def2a-d3ec-4fbf-a3ba-7a94d1b90c4d port:17519, addresses:[/127.0.0.1, /0:0:0:0:0:0:0:1]]
17:35:03.563 [DEBUG] [org.gradle.cache.internal.DefaultFileLockManager] Waiting to acquire exclusive lock on daemon addresses registry.
17:35:03.564 [DEBUG] [org.gradle.cache.internal.DefaultFileLockManager] Lock acquired.
17:35:03.593 [DEBUG] [org.gradle.cache.internal.DefaultFileLockManager] Releasing lock on daemon addresses registry.
17:35:03.598 [DEBUG] [org.gradle.launcher.daemon.server.DaemonStateCoordinator] Daemon is idle, sleeping until state change or idle timeout at Sun Sep 21 20:35:03 EDT 2014
17:35:04.514 [DEBUG] [org.gradle.launcher.daemon.server.DefaultIncomingConnectionHandler] Finishing executing command: Build{id=0cae808d-3478-4837-8cfc-e4be6a073614.1, currentDir=C:\Users\jpapp_000\AndroidStudioProjects\RockPaperScissors}
17:35:04.518 [DEBUG] [org.gradle.launcher.daemon.server.SynchronizedDispatchConnection] thread 15: received class org.gradle.launcher.daemon.protocol.Finished
17:35:04.532 [DEBUG] [org.gradle.launcher.daemon.server.DefaultDaemonConnection] Received non-IO message from client: org.gradle.launcher.daemon.protocol.Finished@6252bafa
17:35:04.533 [DEBUG] [org.gradle.launcher.daemon.server.SynchronizedDispatchConnection] thread 15: received null
17:35:04.534 [DEBUG] [org.gradle.launcher.daemon.server.DefaultDaemonConnection] Received end-of-input from client.
17:35:04.533 [DEBUG] [org.gradle.launcher.daemon.server.DefaultIncomingConnectionHandler] Received finished message: org.gradle.launcher.daemon.protocol.Finished@6252bafa
17:35:04.536 [DEBUG] [org.gradle.launcher.daemon.server.SynchronizedDispatchConnection] thread 14: stopping connection
17:35:04.542 [DEBUG] [org.gradle.launcher.daemon.server.SynchronizedDispatchConnection] thread 14: stopping connection
17:54:52.425 [DEBUG] [org.gradle.messaging.remote.internal.inet.TcpIncomingConnector] Accepted connection from /127.0.0.1:17722 to /127.0.0.1:17519.
17:54:52.451 [DEBUG] [org.gradle.launcher.daemon.server.SynchronizedDispatchConnection] thread 19: received class org.gradle.launcher.daemon.protocol.Build
17:54:52.452 [DEBUG] [org.gradle.launcher.daemon.server.DefaultDaemonConnection] Received non-IO message from client: Build{id=67f6ce2d-64e1-44ce-bfbf-bafc7e32d404.1, currentDir=C:\Users\jpapp_000\AndroidStudioProjects\RockPaperScissors}
17:54:52.456 [INFO] [org.gradle.launcher.daemon.server.DefaultIncomingConnectionHandler] Received command: Build{id=67f6ce2d-64e1-44ce-bfbf-bafc7e32d404.1, currentDir=C:\Users\jpapp_000\AndroidStudioProjects\RockPaperScissors}.
17:54:52.458 [DEBUG] [org.gradle.launcher.daemon.server.DefaultIncomingConnectionHandler] Starting executing command: Build{id=67f6ce2d-64e1-44ce-bfbf-bafc7e32d404.1, currentDir=C:\Users\jpapp_000\AndroidStudioProjects\RockPaperScissors} with connection: socket connection at /127.0.0.1:17519 with /127.0.0.1:17722.
17:54:52.459 [DEBUG] [org.gradle.launcher.daemon.server.DaemonStateCoordinator] onStartCommand(DaemonCommandExecution[command = Build{id=67f6ce2d-64e1-44ce-bfbf-bafc7e32d404.1, currentDir=C:\Users\jpapp_000\AndroidStudioProjects\RockPaperScissors}, connection = org.gradle.launcher.daemon.server.DefaultDaemonConnection@2f761a1b]) called after 19.0 minutes of idle
17:54:52.459 [INFO] [org.gradle.launcher.daemon.server.DomainRegistryUpdater] Marking the daemon as busy, address: [c09def2a-d3ec-4fbf-a3ba-7a94d1b90c4d port:17519, addresses:[/127.0.0.1, /0:0:0:0:0:0:0:1]]
17:54:52.460 [DEBUG] [org.gradle.launcher.daemon.registry.PersistentDaemonRegistry] Marking busy by address: [c09def2a-d3ec-4fbf-a3ba-7a94d1b90c4d port:17519, addresses:[/127.0.0.1, /0:0:0:0:0:0:0:1]]
17:54:52.464 [DEBUG] [org.gradle.cache.internal.DefaultFileLockManager] Waiting to acquire exclusive lock on daemon addresses registry.
17:54:52.466 [DEBUG] [org.gradle.cache.internal.DefaultFileLockManager] Lock acquired.
17:54:52.472 [DEBUG] [org.gradle.cache.internal.DefaultFileLockManager] Releasing lock on daemon addresses registry.
17:54:52.473 [DEBUG] [org.gradle.launcher.daemon.server.DaemonStateCoordinator] updating lastActivityAt to 1411336492473
17:54:52.474 [INFO] [org.gradle.launcher.daemon.server.exec.StartBuildOrRespondWithBusy] Daemon is about to start building: Build{id=67f6ce2d-64e1-44ce-bfbf-bafc7e32d404.1, currentDir=C:\Users\jpapp_000\AndroidStudioProjects\RockPaperScissors}. Dispatching build started information...
17:54:52.474 [DEBUG] [org.gradle.launcher.daemon.server.SynchronizedDispatchConnection] thread 18: dispatching class org.gradle.launcher.daemon.protocol.BuildStarted
17:54:52.475 [DEBUG] [org.gradle.launcher.daemon.server.DaemonStateCoordinator] Daemon is busy, sleeping until state changes.
17:54:52.481 [DEBUG] [org.gradle.launcher.daemon.server.exec.EstablishBuildEnvironment] Configuring env variables: {USERDOMAIN_ROAMINGPROFILE=RED, LOCALAPPDATA=C:\Users\jpapp_000\AppData\Local, PROCESSOR_LEVEL=6, FP_NO_HOST_CHECK=NO, USERDOMAIN=RED, LOGONSERVER=\\MicrosoftAccount, JAVA_HOME=C:\Program Files\Java\jdk1.8.0_20, SESSIONNAME=Console, ALLUSERSPROFILE=C:\ProgramData, PROCESSOR_ARCHITECTURE=AMD64, VS120COMNTOOLS=C:\Program Files (x86)\Microsoft Visual Studio 12.0\Common7\Tools\, PSModulePath=C:\Windows\system32\WindowsPowerShell\v1.0\Modules\;C:\Program Files (x86)\Microsoft SDKs\Windows Azure\PowerShell\, SystemDrive=C:, APPDATA=C:\Users\jpapp_000\AppData\Roaming, USERNAME=jpapp_000, ProgramFiles(x86)=C:\Program Files (x86), CommonProgramFiles=C:\Program Files\Common Files, Path=C:\ProgramData\Oracle\Java\javapath;C:\Program Files (x86)\Intel\iCLS Client\;C:\Program Files\Intel\iCLS Client\;C:\Windows\system32;C:\Windows;C:\Windows\System32\Wbem;C:\Windows\System32\WindowsPowerShell\v1.0\;C:\Program Files\Intel\Intel(R) Management Engine Components\DAL;C:\Program Files\Intel\Intel(R) Management Engine Components\IPT;C:\Program Files (x86)\Intel\Intel(R) Management Engine Components\DAL;C:\Program Files (x86)\Intel\Intel(R) Management Engine Components\IPT;C:\Program Files\Intel\WiFi\bin\;C:\Program Files\Common Files\Intel\WirelessCommon\;C:\Program Files (x86)\Microsoft SQL Server\100\Tools\Binn\;C:\Program Files\Microsoft SQL Server\100\Tools\Binn\;C:\Program Files\Microsoft SQL Server\100\DTS\Binn\;C:\Program Files (x86)\Microsoft SQL Server\100\Tools\Binn\VSShell\Common7\IDE\;C:\Program Files (x86)\Microsoft Visual Studio 9.0\Common7\IDE\PrivateAssemblies\;C:\Program Files (x86)\Microsoft SQL Server\100\DTS\Binn\;C:\Program Files\nodejs\;C:\Program Files (x86)\Microsoft ASP.NET\ASP.NET Web Pages\v1.0\;C:\Program Files\Microsoft SQL Server\110\Tools\Binn\;C:\Program Files\Microsoft\Web Platform Installer\;C:\Program Files (x86)\Windows Kits\8.1\Windows Performance Toolkit\;C:\Users\jpapp_000\AppData\Roaming\npm, PATHEXT=.COM;.EXE;.BAT;.CMD;.VBS;.VBE;.JS;.JSE;.WSF;.WSH;.MSC, OS=Windows_NT, COMPUTERNAME=RED, PROCESSOR_REVISION=4501, CommonProgramW6432=C:\Program Files\Common Files, ComSpec=C:\Windows\system32\cmd.exe, ProgramData=C:\ProgramData, ProgramW6432=C:\Program Files, HOMEPATH=\Users\jpapp_000, SystemRoot=C:\Windows, TEMP=C:\Users\JPAPP_~1\AppData\Local\Temp, HOMEDRIVE=C:, PROCESSOR_IDENTIFIER=Intel64 Family 6 Model 69 Stepping 1, GenuineIntel, USERPROFILE=C:\Users\jpapp_000, TMP=C:\Users\JPAPP_~1\AppData\Local\Temp, VS110COMNTOOLS=C:\Program Files (x86)\Microsoft Visual Studio 11.0\Common7\Tools\, CommonProgramFiles(x86)=C:\Program Files (x86)\Common Files, ProgramFiles=C:\Program Files, PUBLIC=C:\Users\Public, NUMBER_OF_PROCESSORS=4, windir=C:\Windows, =::=::\}
17:54:52.489 [INFO] [org.gradle.launcher.daemon.server.exec.LogToClient] About to start relaying all logs to the client via the connection.
17:54:52.490 [INFO] [org.gradle.launcher.daemon.server.exec.LogToClient] The client will now receive all logging from the daemon (pid: 5784). The daemon log file: C:\Users\jpapp_000\AndroidStudioProjects\RockPaperScissors\gradle\wrapper\daemon\2.0\daemon-5784.out.log
17:54:52.491 [INFO] [org.gradle.launcher.daemon.server.exec.ExecuteBuild] Executing build with daemon context: DefaultDaemonContext[uid=78c8da86-58dc-465f-8c9f-9ab1e44d0ca2,javaHome=C:\Program Files\Java\jdk1.8.0_20,daemonRegistryDir=C:\Users\jpapp_000\AndroidStudioProjects\RockPaperScissors\gradle\wrapper\daemon,pid=5784,idleTimeout=10800000,daemonOpts=-XX:MaxPermSize=256m,-XX:+HeapDumpOnOutOfMemoryError,-Xmx1024m,-Dfile.encoding=windows-1252]
17:54:52.545 [DEBUG] [org.gradle.launcher.daemon.server.SynchronizedDispatchConnection] thread 19: received class org.gradle.launcher.daemon.protocol.CloseInput
17:54:52.546 [DEBUG] [org.gradle.launcher.daemon.server.DefaultDaemonConnection] Received IO message from client: CloseInput[id=67f6ce2d-64e1-44ce-bfbf-bafc7e32d404.2]
17:54:52.549 [INFO] [org.gradle.launcher.daemon.server.exec.ForwardClientInput] Closing daemon's stdin at end of input.
17:54:52.550 [INFO] [org.gradle.launcher.daemon.server.exec.ForwardClientInput] The daemon will no longer process any standard input.

FAILURE: Build failed with an exception.

* Where:
Build file 'C:\Users\jpapp_000\AndroidStudioProjects\RockPaperScissors\app\build.gradle' line: 1

* What went wrong:
A problem occurred evaluating project ':app'.
> Gradle version 1.10 is required. Current version is 2.0. If using the gradle wrapper, try editing the distributionUrl in C:\Users\jpapp_000\AndroidStudioProjects\RockPaperScissors\gradle\wrapper\gradle-wrapper.properties to gradle-1.10-all.zip

* Try:
Run with --stacktrace option to get the stack trace. Run with --info or --debug option to get more log output.

BUILD FAILED

Total time: 2.052 secs
17:54:54.432 [DEBUG] [org.gradle.cache.internal.DefaultFileLockManager] Releasing lock on initscript class cache for initialization script 'C:\Users\jpapp_000\AppData\Local\Temp\ijinit7506398450842164699.gradle' (C:\Users\jpapp_000\AndroidStudioProjects\RockPaperScissors\gradle\wrapper\caches\2.0\scripts\ijinit7506398450842164699_v2qra31ohcpkes4ujsjo1ck66\InitScript\initscript).
17:54:54.435 [DEBUG] [org.gradle.cache.internal.DefaultFileLockManager] Releasing lock on no_initscript class cache for initialization script 'C:\Users\jpapp_000\AppData\Local\Temp\ijinit7506398450842164699.gradle' (C:\Users\jpapp_000\AndroidStudioProjects\RockPaperScissors\gradle\wrapper\caches\2.0\scripts\ijinit7506398450842164699_v2qra31ohcpkes4ujsjo1ck66\InitScript\no_initscript).
17:54:54.436 [DEBUG] [org.gradle.cache.internal.DefaultFileLockManager] Releasing lock on buildscript class cache for settings file 'C:\Users\jpapp_000\AndroidStudioProjects\RockPaperScissors\settings.gradle' (C:\Users\jpapp_000\AndroidStudioProjects\RockPaperScissors\gradle\wrapper\caches\2.0\scripts\settings_4rkkernir08kkvl3obuv5vr5nr\SettingsScript\buildscript).
17:54:54.437 [DEBUG] [org.gradle.cache.internal.DefaultFileLockManager] Releasing lock on no_buildscript class cache for settings file 'C:\Users\jpapp_000\AndroidStudioProjects\RockPaperScissors\settings.gradle' (C:\Users\jpapp_000\AndroidStudioProjects\RockPaperScissors\gradle\wrapper\caches\2.0\scripts\settings_4rkkernir08kkvl3obuv5vr5nr\SettingsScript\no_buildscript).
17:54:54.438 [DEBUG] [org.gradle.cache.internal.DefaultFileLockManager] Releasing lock on buildscript class cache for build file 'C:\Users\jpapp_000\AndroidStudioProjects\RockPaperScissors\build.gradle' (C:\Users\jpapp_000\AndroidStudioProjects\RockPaperScissors\gradle\wrapper\caches\2.0\scripts\build_2eofqvqh1eidvl29ocvulc7s9v\ProjectScript\buildscript).
17:54:54.439 [DEBUG] [org.gradle.cache.internal.DefaultFileLockManager] Releasing lock on no_buildscript class cache for build file 'C:\Users\jpapp_000\AndroidStudioProjects\RockPaperScissors\build.gradle' (C:\Users\jpapp_000\AndroidStudioProjects\RockPaperScissors\gradle\wrapper\caches\2.0\scripts\build_2eofqvqh1eidvl29ocvulc7s9v\ProjectScript\no_buildscript).
17:54:54.440 [DEBUG] [org.gradle.cache.internal.DefaultFileLockManager] Releasing lock on buildscript class cache for build file 'C:\Users\jpapp_000\AndroidStudioProjects\RockPaperScissors\app\build.gradle' (C:\Users\jpapp_000\AndroidStudioProjects\RockPaperScissors\gradle\wrapper\caches\2.0\scripts\build_2dj4skoa50rqr7ne2urme9u67c\ProjectScript\buildscript).
17:54:54.441 [DEBUG] [org.gradle.cache.internal.DefaultFileLockManager] Releasing lock on no_buildscript class cache for build file 'C:\Users\jpapp_000\AndroidStudioProjects\RockPaperScissors\app\build.gradle' (C:\Users\jpapp_000\AndroidStudioProjects\RockPaperScissors\gradle\wrapper\caches\2.0\scripts\build_2dj4skoa50rqr7ne2urme9u67c\ProjectScript\no_buildscript).
17:54:54.443 [DEBUG] [org.gradle.cache.internal.btree.BTreePersistentIndexedCache] Closing cache artifact-at-repository.bin (C:\Users\jpapp_000\AndroidStudioProjects\RockPaperScissors\gradle\wrapper\caches\modules-2\metadata-2.12\artifact-at-repository.bin)
17:54:54.444 [DEBUG] [org.gradle.cache.internal.btree.BTreePersistentIndexedCache] Closing cache module-metadata.bin (C:\Users\jpapp_000\AndroidStudioProjects\RockPaperScissors\gradle\wrapper\caches\modules-2\metadata-2.12\module-metadata.bin)
17:54:54.445 [DEBUG] [org.gradle.cache.internal.btree.BTreePersistentIndexedCache] Closing cache module-artifacts.bin (C:\Users\jpapp_000\AndroidStudioProjects\RockPaperScissors\gradle\wrapper\caches\modules-2\metadata-2.12\module-artifacts.bin)
17:54:54.445 [DEBUG] [org.gradle.cache.internal.DefaultFileLockManager] Releasing lock on artifact cache (C:\Users\jpapp_000\AndroidStudioProjects\RockPaperScissors\gradle\wrapper\caches\modules-2).
17:54:54.450 [DEBUG] [org.gradle.api.internal.artifacts.ivyservice.ivyresolve.memcache.InMemoryCachedRepositoryFactory] In-memory dependency metadata cache closed. Repos cached: 1, cache instances: 1, modules served from cache: 0, artifacts: 0
17:54:54.452 [DEBUG] [org.gradle.api.internal.artifacts.ivyservice.resolveengine.store.CachedStoreFactory] Resolution result cache closed. Cache reads: 0, disk reads: 0 (avg: 0.0 secs, total: 0.0 secs)
17:54:54.454 [DEBUG] [org.gradle.api.internal.artifacts.ivyservice.resolveengine.store.CachedStoreFactory] Resolved configuration cache closed. Cache reads: 0, disk reads: 0 (avg: 0.0 secs, total: 0.0 secs)
17:54:54.455 [DEBUG] [org.gradle.api.internal.artifacts.ivyservice.resolveengine.store.ResolutionResultsStoreFactory] Deleted 2 resolution results binary files in 0.004 secs
17:54:54.455 [DEBUG] [org.gradle.launcher.daemon.server.exec.ExecuteBuild] The daemon has finished executing the build.
17:54:54.456 [DEBUG] [org.gradle.launcher.daemon.server.exec.ReturnResult] Daemon is dispatching the build result: DaemonCommandResult[type=CommandFailure, value=org.gradle.launcher.exec.ReportedException: org.gradle.internal.exceptions.LocationAwareException: Build file 'C:\Users\jpapp_000\AndroidStudioProjects\RockPaperScissors\app\build.gradle' line: 1
A problem occurred evaluating project ':app'.]
17:54:54.456 [DEBUG] [org.gradle.launcher.daemon.server.SynchronizedDispatchConnection] thread 18: dispatching class org.gradle.launcher.daemon.protocol.CommandFailure
17:54:54.513 [DEBUG] [org.gradle.launcher.daemon.server.SynchronizedDispatchConnection] thread 19: received class org.gradle.launcher.daemon.protocol.Finished
17:54:54.513 [DEBUG] [org.gradle.launcher.daemon.server.DefaultDaemonConnection] Received non-IO message from client: org.gradle.launcher.daemon.protocol.Finished@4d60beeb
17:54:54.515 [DEBUG] [org.gradle.launcher.daemon.server.SynchronizedDispatchConnection] thread 19: received null
17:54:54.516 [DEBUG] [org.gradle.launcher.daemon.server.DefaultDaemonConnection] Received end-of-input from client.
17:54:54.767 [DEBUG] [org.gradle.launcher.daemon.server.DaemonStateCoordinator] onFinishCommand() called while execution = DaemonCommandExecution[command = Build{id=67f6ce2d-64e1-44ce-bfbf-bafc7e32d404.1, currentDir=C:\Users\jpapp_000\AndroidStudioProjects\RockPaperScissors}, connection = org.gradle.launcher.daemon.server.DefaultDaemonConnection@2f761a1b]
17:54:54.768 [DEBUG] [org.gradle.launcher.daemon.server.DaemonStateCoordinator] updating lastActivityAt to 1411336494768
17:54:54.774 [INFO] [org.gradle.launcher.daemon.server.DomainRegistryUpdater] Marking the daemon as idle, address: [c09def2a-d3ec-4fbf-a3ba-7a94d1b90c4d port:17519, addresses:[/127.0.0.1, /0:0:0:0:0:0:0:1]]
17:54:54.774 [DEBUG] [org.gradle.launcher.daemon.registry.PersistentDaemonRegistry] Marking idle by address: [c09def2a-d3ec-4fbf-a3ba-7a94d1b90c4d port:17519, addresses:[/127.0.0.1, /0:0:0:0:0:0:0:1]]
17:54:54.776 [DEBUG] [org.gradle.cache.internal.DefaultFileLockManager] Waiting to acquire exclusive lock on daemon addresses registry.
17:54:54.875 [DEBUG] [org.gradle.cache.internal.DefaultFileLockManager] Lock acquired.
17:54:54.898 [DEBUG] [org.gradle.cache.internal.DefaultFileLockManager] Releasing lock on daemon addresses registry.
17:54:54.901 [DEBUG] [org.gradle.launcher.daemon.server.DaemonStateCoordinator] Daemon is idle, sleeping until state change or idle timeout at Sun Sep 21 20:54:54 EDT 2014
17:54:55.252 [DEBUG] [org.gradle.launcher.daemon.server.DefaultIncomingConnectionHandler] Finishing executing command: Build{id=67f6ce2d-64e1-44ce-bfbf-bafc7e32d404.1, currentDir=C:\Users\jpapp_000\AndroidStudioProjects\RockPaperScissors}
17:54:55.262 [DEBUG] [org.gradle.launcher.daemon.server.DefaultIncomingConnectionHandler] Received finished message: null
17:54:55.263 [DEBUG] [org.gradle.launcher.daemon.server.SynchronizedDispatchConnection] thread 18: stopping connection
17:54:55.265 [DEBUG] [org.gradle.launcher.daemon.server.SynchronizedDispatchConnection] thread 18: stopping connection
